<?xml version="1.0" encoding="UTF-8"?>
<!-- Generated by org.testng.reporters.JUnitReportReporter -->
<testsuite hostname="MAVBCP3167" failures="0" tests="2" name="com.picnic.CrossBrowsersTest" time="33.072" errors="0" timestamp="2021-09-17T09:09:01 IST" skipped="0">
  <testcase classname="com.picnic.CrossBrowsersTest" name="testParameterWithXML" time="15.616"/>
  <system-out/>
  <testcase classname="com.picnic.CrossBrowsersTest" name="testParameterWithXML" time="17.456"/>
  <system-out/>
</testsuite> <!-- com.picnic.CrossBrowsersTest -->
