<?xml version="1.0" encoding="UTF-8"?>
<!-- Generated by org.testng.reporters.JUnitReportReporter -->
<testsuite hostname="MAVBCP3167" failures="0" tests="2" name="com.picnic.SampleSelenium" time="29.951" errors="0" timestamp="2021-09-14T11:54:42 IST" skipped="0">
  <testcase classname="com.picnic.SampleSelenium" name="TestMethod" time="18.624"/>
  <system-out/>
  <testcase classname="com.picnic.SampleSelenium" name="TestMethod2" time="11.327"/>
  <system-out/>
</testsuite> <!-- com.picnic.SampleSelenium -->
