<?xml version="1.0" encoding="UTF-8"?>
<!-- Generated by org.testng.reporters.JUnitReportReporter -->
<testsuite hostname="MAVBCP3167" failures="0" tests="1" name="com.picnic.VerifyPageWord" time="33.389" errors="0" timestamp="2021-09-15T10:06:32 IST" skipped="0">
  <testcase classname="com.picnic.VerifyPageWord" name="verifyValidLogin" time="33.389"/>
  <system-out/>
</testsuite> <!-- com.picnic.VerifyPageWord -->
