<?xml version="1.0" encoding="UTF-8"?>
<!-- Generated by org.testng.reporters.JUnitReportReporter -->
<testsuite hostname="MAVBCP3167" failures="0" tests="2" name="com.picnic.RecorderScript" time="49.839" errors="0" timestamp="2021-09-17T09:06:45 IST" skipped="0">
  <testcase classname="com.picnic.RecorderScript" name="testParameterWithXML" time="23.865"/>
  <system-out/>
  <testcase classname="com.picnic.RecorderScript" name="testParameterWithXML" time="25.974"/>
  <system-out/>
</testsuite> <!-- com.picnic.RecorderScript -->
