<?xml version="1.0" encoding="UTF-8"?>
<!-- Generated by org.testng.reporters.JUnitReportReporter -->
<testsuite skipped="0" hostname="MAVBCP3167" name="com.picnic.CrossBrowsersTest" tests="2" failures="0" timestamp="2021-09-17T10:55:11 IST" time="31.644" errors="0">
  <testcase name="testParameterWithXML" time="16.180" classname="com.picnic.CrossBrowsersTest"/>
  <system-out/>
  <testcase name="testParameterWithXML" time="15.464" classname="com.picnic.CrossBrowsersTest"/>
  <system-out/>
</testsuite> <!-- com.picnic.CrossBrowsersTest -->
